2026-03-01 18:05:39,290 [INFO] 📄 No DB credentials → CSV-only mode
2026-03-01 18:05:39,291 [INFO] Fetching domains + roles from API...
2026-03-01 18:05:40,773 [INFO] ⏭️  Skipped 26 non-US country-specific domains
2026-03-01 18:05:40,774 [INFO] ✅ 98 US-relevant domains, 648 search keywords loaded
2026-03-01 18:05:40,778 [INFO] 🔍 3 domains → 46 keyword combos
2026-03-01 18:05:40,782 [INFO] 📋 Portals: 65 Workday + 29 iCIMS
2026-03-01 18:05:40,784 [INFO] 📄 CSV: us_jobs_recent.csv
2026-03-01 18:05:40,786 [INFO] ⚡ Phase 1: Discovering portals...
2026-03-01 18:05:52,617 [INFO] ✅ Active: 12 Workday + 4 iCIMS
2026-03-01 18:05:52,618 [INFO] ⚡ Phase 2: Searching 46 keywords across 16 portals...
2026-03-01 18:05:59,648 [INFO]   [WD] cvshealth: 1 jobs ✅
2026-03-01 18:06:02,189 [INFO]   [WD] tmobile: 0 recent US jobs
2026-03-01 18:06:02,758 [INFO]   [WD] mastercard: 0 recent US jobs
2026-03-01 18:06:02,894 [INFO]   [WD] intel: 0 recent US jobs
2026-03-01 18:06:02,941 [INFO]   [WD] amgen: 0 recent US jobs
2026-03-01 18:06:03,344 [INFO]   [WD] paypal: 0 recent US jobs
2026-03-01 18:06:04,189 [INFO]   [WD] target: 1 jobs ✅
2026-03-01 18:06:04,341 [INFO]   [WD] nvidia: 0 recent US jobs
2026-03-01 18:06:06,192 [INFO]   [WD] dell: 2 jobs ✅
2026-03-01 18:06:12,826 [INFO]   [WD] workday: 0 recent US jobs
2026-03-01 18:06:12,960 [INFO]   [WD] citi: 0 recent US jobs
2026-03-01 18:06:15,206 [INFO]   [iCIMS] amd: 0 recent US jobs
2026-03-01 18:06:17,997 [INFO]   [WD] walmart: 0 recent US jobs
2026-03-01 18:06:20,577 [INFO]   [iCIMS] uhs: 138 jobs ✅
2026-03-01 18:06:27,007 [INFO]   [iCIMS] dollargeneral: 46 jobs ✅
2026-03-01 18:06:27,037 [INFO]   [iCIMS] dollargeneral: 46 jobs ✅
2026-03-01 18:06:27,043 [INFO] 
============================================================
  ⚡ SCRAPING COMPLETE
============================================================
  Portals      : 12 Workday + 4 iCIMS
  Domains      : 3
  Keywords     : 46
  Jobs found   : 234
  DB inserted  : 0
  DB duplicates: 0
  DB failed    : 0
  CSV backup   : 234 rows → us_jobs_recent.csv
  Time         : 48s (0.8 min)
============================================================
